<?xml version="1.0" encoding="UTF-8"?>
<coverage generated="1548672105866" clover="3.2.0">
  <project timestamp="1548672105866" name="All files">
    <metrics statements="105" coveredstatements="92" conditionals="19" coveredconditionals="7" methods="27" coveredmethods="18" elements="151" coveredelements="117" complexity="0" loc="105" ncloc="105" packages="8" files="13" classes="13">
      <package name="components.Cards.News">
        <metrics statements="14" coveredstatements="13" conditionals="0" coveredconditionals="0" methods="4" coveredmethods="3"/>
        <file name="NewsCard.component.js" path="C:\Users\Dito\Documents\Projects\Work\RNQerjaTest\app\components\Cards\News\NewsCard.component.js">
          <metrics statements="11" coveredstatements="10" conditionals="0" coveredconditionals="0" methods="4" coveredmethods="3"/>
          <line num="1" count="2" type="stmt"/>
          <line num="2" count="2" type="stmt"/>
          <line num="3" count="2" type="stmt"/>
          <line num="4" count="2" type="stmt"/>
          <line num="5" count="2" type="stmt"/>
          <line num="7" count="2" type="stmt"/>
          <line num="8" count="1" type="stmt"/>
          <line num="9" count="1" type="stmt"/>
          <line num="12" count="0" type="stmt"/>
          <line num="38" count="2" type="stmt"/>
          <line num="41" count="2" type="stmt"/>
        </file>
        <file name="NewsCard.component.style.js" path="C:\Users\Dito\Documents\Projects\Work\RNQerjaTest\app\components\Cards\News\NewsCard.component.style.js">
          <metrics statements="3" coveredstatements="3" conditionals="0" coveredconditionals="0" methods="0" coveredmethods="0"/>
          <line num="1" count="2" type="stmt"/>
          <line num="3" count="2" type="stmt"/>
          <line num="14" count="2" type="stmt"/>
        </file>
      </package>
      <package name="components.Screens.Detail">
        <metrics statements="24" coveredstatements="22" conditionals="2" coveredconditionals="1" methods="5" coveredmethods="4"/>
        <file name="Detail.component.js" path="C:\Users\Dito\Documents\Projects\Work\RNQerjaTest\app\components\Screens\Detail\Detail.component.js">
          <metrics statements="19" coveredstatements="17" conditionals="2" coveredconditionals="1" methods="5" coveredmethods="4"/>
          <line num="1" count="1" type="stmt"/>
          <line num="2" count="1" type="stmt"/>
          <line num="3" count="1" type="stmt"/>
          <line num="4" count="1" type="stmt"/>
          <line num="5" count="1" type="stmt"/>
          <line num="6" count="1" type="stmt"/>
          <line num="8" count="1" type="stmt"/>
          <line num="9" count="1" type="stmt"/>
          <line num="10" count="1" type="stmt"/>
          <line num="14" count="1" type="stmt"/>
          <line num="15" count="1" type="cond" truecount="1" falsecount="1"/>
          <line num="16" count="0" type="stmt"/>
          <line num="31" count="0" type="stmt"/>
          <line num="40" count="1" type="stmt"/>
          <line num="44" count="1" type="stmt"/>
          <line num="45" count="1" type="stmt"/>
          <line num="48" count="1" type="stmt"/>
          <line num="55" count="1" type="stmt"/>
          <line num="58" count="1" type="stmt"/>
        </file>
        <file name="Detail.component.style.js" path="C:\Users\Dito\Documents\Projects\Work\RNQerjaTest\app\components\Screens\Detail\Detail.component.style.js">
          <metrics statements="5" coveredstatements="5" conditionals="0" coveredconditionals="0" methods="0" coveredmethods="0"/>
          <line num="1" count="1" type="stmt"/>
          <line num="2" count="1" type="stmt"/>
          <line num="4" count="1" type="stmt"/>
          <line num="6" count="1" type="stmt"/>
          <line num="31" count="1" type="stmt"/>
        </file>
      </package>
      <package name="components.Screens.Home">
        <metrics statements="31" coveredstatements="25" conditionals="8" coveredconditionals="1" methods="9" coveredmethods="4"/>
        <file name="Home.component.js" path="C:\Users\Dito\Documents\Projects\Work\RNQerjaTest\app\components\Screens\Home\Home.component.js">
          <metrics statements="26" coveredstatements="20" conditionals="8" coveredconditionals="1" methods="9" coveredmethods="4"/>
          <line num="1" count="1" type="stmt"/>
          <line num="2" count="1" type="stmt"/>
          <line num="3" count="1" type="stmt"/>
          <line num="4" count="1" type="stmt"/>
          <line num="5" count="1" type="stmt"/>
          <line num="6" count="1" type="stmt"/>
          <line num="7" count="1" type="stmt"/>
          <line num="8" count="1" type="stmt"/>
          <line num="10" count="1" type="stmt"/>
          <line num="11" count="1" type="stmt"/>
          <line num="12" count="1" type="stmt"/>
          <line num="16" count="0" type="stmt"/>
          <line num="19" count="1" type="stmt"/>
          <line num="22" count="1" type="stmt"/>
          <line num="23" count="1" type="cond" truecount="1" falsecount="1"/>
          <line num="24" count="0" type="stmt"/>
          <line num="27" count="0" type="stmt"/>
          <line num="32" count="0" type="stmt"/>
          <line num="33" count="0" type="stmt"/>
          <line num="37" count="0" type="stmt"/>
          <line num="42" count="1" type="stmt"/>
          <line num="48" count="1" type="stmt"/>
          <line num="49" count="1" type="stmt"/>
          <line num="52" count="1" type="stmt"/>
          <line num="64" count="1" type="stmt"/>
          <line num="67" count="1" type="stmt"/>
        </file>
        <file name="Home.component.style.js" path="C:\Users\Dito\Documents\Projects\Work\RNQerjaTest\app\components\Screens\Home\Home.component.style.js">
          <metrics statements="5" coveredstatements="5" conditionals="0" coveredconditionals="0" methods="0" coveredmethods="0"/>
          <line num="1" count="1" type="stmt"/>
          <line num="2" count="1" type="stmt"/>
          <line num="4" count="1" type="stmt"/>
          <line num="6" count="1" type="stmt"/>
          <line num="16" count="1" type="stmt"/>
        </file>
      </package>
      <package name="components.Searchbar">
        <metrics statements="12" coveredstatements="12" conditionals="0" coveredconditionals="0" methods="3" coveredmethods="3"/>
        <file name="Searchbar.component.js" path="C:\Users\Dito\Documents\Projects\Work\RNQerjaTest\app\components\Searchbar\Searchbar.component.js">
          <metrics statements="9" coveredstatements="9" conditionals="0" coveredconditionals="0" methods="3" coveredmethods="3"/>
          <line num="1" count="2" type="stmt"/>
          <line num="2" count="2" type="stmt"/>
          <line num="3" count="2" type="stmt"/>
          <line num="4" count="2" type="stmt"/>
          <line num="5" count="2" type="stmt"/>
          <line num="7" count="2" type="stmt"/>
          <line num="9" count="2" type="stmt"/>
          <line num="24" count="2" type="stmt"/>
          <line num="28" count="2" type="stmt"/>
        </file>
        <file name="Searchbar.component.style.js" path="C:\Users\Dito\Documents\Projects\Work\RNQerjaTest\app\components\Searchbar\Searchbar.component.style.js">
          <metrics statements="3" coveredstatements="3" conditionals="0" coveredconditionals="0" methods="0" coveredmethods="0"/>
          <line num="1" count="2" type="stmt"/>
          <line num="3" count="2" type="stmt"/>
          <line num="21" count="2" type="stmt"/>
        </file>
      </package>
      <package name="components.Subheader">
        <metrics statements="11" coveredstatements="11" conditionals="0" coveredconditionals="0" methods="3" coveredmethods="3"/>
        <file name="Subheader.component.js" path="C:\Users\Dito\Documents\Projects\Work\RNQerjaTest\app\components\Subheader\Subheader.component.js">
          <metrics statements="8" coveredstatements="8" conditionals="0" coveredconditionals="0" methods="3" coveredmethods="3"/>
          <line num="1" count="2" type="stmt"/>
          <line num="2" count="2" type="stmt"/>
          <line num="3" count="2" type="stmt"/>
          <line num="4" count="2" type="stmt"/>
          <line num="6" count="2" type="stmt"/>
          <line num="8" count="2" type="stmt"/>
          <line num="15" count="2" type="stmt"/>
          <line num="19" count="2" type="stmt"/>
        </file>
        <file name="Subheader.component.style.js" path="C:\Users\Dito\Documents\Projects\Work\RNQerjaTest\app\components\Subheader\Subheader.component.style.js">
          <metrics statements="3" coveredstatements="3" conditionals="0" coveredconditionals="0" methods="0" coveredmethods="0"/>
          <line num="1" count="2" type="stmt"/>
          <line num="3" count="2" type="stmt"/>
          <line num="13" count="2" type="stmt"/>
        </file>
      </package>
      <package name="redux.constants">
        <metrics statements="2" coveredstatements="2" conditionals="0" coveredconditionals="0" methods="0" coveredmethods="0"/>
        <file name="ActionTypes.js" path="C:\Users\Dito\Documents\Projects\Work\RNQerjaTest\app\redux\constants\ActionTypes.js">
          <metrics statements="2" coveredstatements="2" conditionals="0" coveredconditionals="0" methods="0" coveredmethods="0"/>
          <line num="1" count="1" type="stmt"/>
          <line num="2" count="1" type="stmt"/>
        </file>
      </package>
      <package name="redux.reducers.home">
        <metrics statements="6" coveredstatements="4" conditionals="9" coveredconditionals="5" methods="1" coveredmethods="1"/>
        <file name="home.reducer.js" path="C:\Users\Dito\Documents\Projects\Work\RNQerjaTest\app\redux\reducers\home\home.reducer.js">
          <metrics statements="6" coveredstatements="4" conditionals="9" coveredconditionals="5" methods="1" coveredmethods="1"/>
          <line num="1" count="1" type="stmt"/>
          <line num="3" count="1" type="cond" truecount="4" falsecount="2"/>
          <line num="4" count="1" type="cond" truecount="1" falsecount="2"/>
          <line num="6" count="0" type="stmt"/>
          <line num="12" count="0" type="stmt"/>
          <line num="18" count="1" type="stmt"/>
        </file>
      </package>
      <package name="routes">
        <metrics statements="5" coveredstatements="3" conditionals="0" coveredconditionals="0" methods="2" coveredmethods="0"/>
        <file name="NavigationService.js" path="C:\Users\Dito\Documents\Projects\Work\RNQerjaTest\app\routes\NavigationService.js">
          <metrics statements="5" coveredstatements="3" conditionals="0" coveredconditionals="0" methods="2" coveredmethods="0"/>
          <line num="1" count="1" type="stmt"/>
          <line num="6" count="0" type="stmt"/>
          <line num="10" count="0" type="stmt"/>
          <line num="20" count="1" type="stmt"/>
          <line num="22" count="1" type="stmt"/>
        </file>
      </package>
    </metrics>
  </project>
</coverage>
