{"C:\\Users\\Dito\\Documents\\Projects\\Work\\RNQerjaTest\\app\\components\\Cards\\News\\NewsCard.component.js": {"path":"C:\\Users\\Dito\\Documents\\Projects\\Work\\RNQerjaTest\\app\\components\\Cards\\News\\NewsCard.component.js","statementMap":{"0":{"start":{"line":1,"column":42},"end":{"line":1,"column":97}},"1":{"start":{"line":1,"column":128},"end":{"line":1,"column":184}},"2":{"start":{"line":1,"column":185},"end":{"line":1,"column":247}},"3":{"start":{"line":1,"column":247},"end":{"line":1,"column":272}},"4":{"start":{"line":1,"column":295},"end":{"line":1,"column":367}},"5":{"start":{"line":1,"column":388},"end":{"line":1,"column":457}},"6":{"start":{"line":1,"column":492},"end":{"line":1,"column":575}},"7":{"start":{"line":1,"column":599},"end":{"line":1,"column":671}},"8":{"start":{"line":1,"column":689},"end":{"line":1,"column":755}},"9":{"start":{"line":1,"column":769},"end":{"line":1,"column":810}},"10":{"start":{"line":2,"column":19},"end":{"line":2,"column":42}},"11":{"start":{"line":3,"column":18},"end":{"line":3,"column":40}},"12":{"start":{"line":4,"column":25},"end":{"line":4,"column":86}},"13":{"start":{"line":5,"column":17},"end":{"line":5,"column":62}},"14":{"start":{"line":5,"column":82},"end":{"line":5,"column":192}},"15":{"start":{"line":7,"column":11},"end":{"line":38,"column":57}},"16":{"start":{"line":7,"column":44},"end":{"line":7,"column":100}},"17":{"start":{"line":7,"column":121},"end":{"line":7,"column":167}},"18":{"start":{"line":7,"column":167},"end":{"line":7,"column":285}},"19":{"start":{"line":7,"column":286},"end":{"line":38,"column":10}},"20":{"start":{"line":8,"column":17},"end":{"line":8,"column":21}},"21":{"start":{"line":9,"column":6},"end":{"line":32,"column":129}},"22":{"start":{"line":12,"column":39},"end":{"line":12,"column":82}},"23":{"start":{"line":38,"column":10},"end":{"line":38,"column":26}},"24":{"start":{"line":38,"column":58},"end":{"line":38,"column":85}},"25":{"start":{"line":41,"column":0},"end":{"line":47,"column":36}}},"fnMap":{"0":{"name":"(anonymous_0)","decl":{"start":{"line":7,"column":11},"end":{"line":7,"column":12}},"loc":{"start":{"line":7,"column":43},"end":{"line":38,"column":27}},"line":7},"1":{"name":"NewsCard","decl":{"start":{"line":7,"column":109},"end":{"line":7,"column":117}},"loc":{"start":{"line":7,"column":120},"end":{"line":7,"column":286}},"line":7},"2":{"name":"render","decl":{"start":{"line":7,"column":357},"end":{"line":7,"column":363}},"loc":{"start":{"line":8,"column":4},"end":{"line":38,"column":5}},"line":8},"3":{"name":"onPress","decl":{"start":{"line":12,"column":28},"end":{"line":12,"column":35}},"loc":{"start":{"line":12,"column":38},"end":{"line":12,"column":83}},"line":12}},"branchMap":{},"s":{"0":2,"1":2,"2":2,"3":2,"4":2,"5":2,"6":2,"7":2,"8":2,"9":2,"10":2,"11":2,"12":2,"13":2,"14":2,"15":2,"16":2,"17":1,"18":1,"19":2,"20":1,"21":1,"22":0,"23":2,"24":2,"25":2},"f":{"0":2,"1":1,"2":1,"3":0},"b":{},"_coverageSchema":"332fd63041d2c1bcb487cc26dd0d5f7d97098a6c","hash":"941feab55532ec127f70abcb5b1e659ce73d17cb"}
,"C:\\Users\\Dito\\Documents\\Projects\\Work\\RNQerjaTest\\app\\components\\Cards\\News\\NewsCard.component.style.js": {"path":"C:\\Users\\Dito\\Documents\\Projects\\Work\\RNQerjaTest\\app\\components\\Cards\\News\\NewsCard.component.style.js","statementMap":{"0":{"start":{"line":1,"column":13},"end":{"line":1,"column":75}},"1":{"start":{"line":1,"column":75},"end":{"line":1,"column":100}},"2":{"start":{"line":1,"column":119},"end":{"line":1,"column":142}},"3":{"start":{"line":3,"column":0},"end":{"line":14,"column":16}},"4":{"start":{"line":14,"column":17},"end":{"line":14,"column":44}}},"fnMap":{},"branchMap":{},"s":{"0":2,"1":2,"2":2,"3":2,"4":2},"f":{},"b":{},"_coverageSchema":"332fd63041d2c1bcb487cc26dd0d5f7d97098a6c","hash":"c175289ed6579fb6c5a864c11d8f2c8ae87ad3b9"}
,"C:\\Users\\Dito\\Documents\\Projects\\Work\\RNQerjaTest\\app\\components\\Screens\\Detail\\Detail.component.js": {"path":"C:\\Users\\Dito\\Documents\\Projects\\Work\\RNQerjaTest\\app\\components\\Screens\\Detail\\Detail.component.js","statementMap":{"0":{"start":{"line":1,"column":42},"end":{"line":1,"column":97}},"1":{"start":{"line":1,"column":98},"end":{"line":1,"column":160}},"2":{"start":{"line":1,"column":160},"end":{"line":1,"column":185}},"3":{"start":{"line":1,"column":208},"end":{"line":1,"column":280}},"4":{"start":{"line":1,"column":301},"end":{"line":1,"column":370}},"5":{"start":{"line":1,"column":405},"end":{"line":1,"column":488}},"6":{"start":{"line":1,"column":512},"end":{"line":1,"column":584}},"7":{"start":{"line":1,"column":602},"end":{"line":1,"column":668}},"8":{"start":{"line":1,"column":682},"end":{"line":1,"column":722}},"9":{"start":{"line":2,"column":19},"end":{"line":2,"column":42}},"10":{"start":{"line":3,"column":18},"end":{"line":3,"column":40}},"11":{"start":{"line":4,"column":17},"end":{"line":4,"column":62}},"12":{"start":{"line":5,"column":23},"end":{"line":5,"column":82}},"13":{"start":{"line":6,"column":14},"end":{"line":6,"column":55}},"14":{"start":{"line":6,"column":75},"end":{"line":6,"column":187}},"15":{"start":{"line":8,"column":15},"end":{"line":55,"column":61}},"16":{"start":{"line":8,"column":48},"end":{"line":8,"column":108}},"17":{"start":{"line":9,"column":42},"end":{"line":9,"column":92}},"18":{"start":{"line":10,"column":4},"end":{"line":10,"column":122}},"19":{"start":{"line":10,"column":122},"end":{"line":45,"column":6}},"20":{"start":{"line":14,"column":20},"end":{"line":14,"column":24}},"21":{"start":{"line":15,"column":6},"end":{"line":43,"column":7}},"22":{"start":{"line":16,"column":8},"end":{"line":33,"column":38}},"23":{"start":{"line":31,"column":101},"end":{"line":31,"column":158}},"24":{"start":{"line":40,"column":8},"end":{"line":41,"column":116}},"25":{"start":{"line":44,"column":6},"end":{"line":44,"column":21}},"26":{"start":{"line":45,"column":6},"end":{"line":45,"column":19}},"27":{"start":{"line":45,"column":20},"end":{"line":55,"column":10}},"28":{"start":{"line":48,"column":6},"end":{"line":51,"column":36}},"29":{"start":{"line":55,"column":10},"end":{"line":55,"column":30}},"30":{"start":{"line":55,"column":62},"end":{"line":55,"column":93}},"31":{"start":{"line":58,"column":0},"end":{"line":59,"column":42}}},"fnMap":{"0":{"name":"(anonymous_0)","decl":{"start":{"line":8,"column":15},"end":{"line":8,"column":16}},"loc":{"start":{"line":8,"column":47},"end":{"line":55,"column":31}},"line":8},"1":{"name":"DetailScreen","decl":{"start":{"line":9,"column":11},"end":{"line":9,"column":23}},"loc":{"start":{"line":9,"column":31},"end":{"line":45,"column":20}},"line":9},"2":{"name":"(anonymous_2)","decl":{"start":{"line":13,"column":24},"end":{"line":13,"column":25}},"loc":{"start":{"line":13,"column":36},"end":{"line":45,"column":5}},"line":13},"3":{"name":"onPress","decl":{"start":{"line":31,"column":90},"end":{"line":31,"column":97}},"loc":{"start":{"line":31,"column":100},"end":{"line":31,"column":159}},"line":31},"4":{"name":"render","decl":{"start":{"line":45,"column":95},"end":{"line":45,"column":101}},"loc":{"start":{"line":47,"column":4},"end":{"line":55,"column":5}},"line":47}},"branchMap":{"0":{"loc":{"start":{"line":15,"column":6},"end":{"line":43,"column":7}},"type":"if","locations":[{"start":{"line":15,"column":6},"end":{"line":43,"column":7}},{"start":{"line":15,"column":6},"end":{"line":43,"column":7}}],"line":15}},"s":{"0":1,"1":1,"2":1,"3":1,"4":1,"5":1,"6":1,"7":1,"8":1,"9":1,"10":1,"11":1,"12":1,"13":1,"14":1,"15":1,"16":1,"17":1,"18":1,"19":1,"20":1,"21":1,"22":0,"23":0,"24":1,"25":1,"26":1,"27":1,"28":1,"29":1,"30":1,"31":1},"f":{"0":1,"1":1,"2":1,"3":0,"4":1},"b":{"0":[0,1]},"_coverageSchema":"332fd63041d2c1bcb487cc26dd0d5f7d97098a6c","hash":"e493908c2eb46c24ce6c5bd3b17a0cd5efdb499d"}
,"C:\\Users\\Dito\\Documents\\Projects\\Work\\RNQerjaTest\\app\\components\\Screens\\Detail\\Detail.component.style.js": {"path":"C:\\Users\\Dito\\Documents\\Projects\\Work\\RNQerjaTest\\app\\components\\Screens\\Detail\\Detail.component.style.js","statementMap":{"0":{"start":{"line":1,"column":42},"end":{"line":1,"column":97}},"1":{"start":{"line":1,"column":98},"end":{"line":1,"column":160}},"2":{"start":{"line":1,"column":160},"end":{"line":1,"column":185}},"3":{"start":{"line":1,"column":204},"end":{"line":1,"column":227}},"4":{"start":{"line":2,"column":18},"end":{"line":2,"column":63}},"5":{"start":{"line":4,"column":18},"end":{"line":4,"column":63}},"6":{"start":{"line":6,"column":0},"end":{"line":31,"column":40}},"7":{"start":{"line":31,"column":41},"end":{"line":31,"column":68}}},"fnMap":{},"branchMap":{},"s":{"0":1,"1":1,"2":1,"3":1,"4":1,"5":1,"6":1,"7":1},"f":{},"b":{},"_coverageSchema":"332fd63041d2c1bcb487cc26dd0d5f7d97098a6c","hash":"328fd67439a3fc73724f962bc8afc655984de105"}
,"C:\\Users\\Dito\\Documents\\Projects\\Work\\RNQerjaTest\\app\\components\\Screens\\Home\\Home.component.js": {"path":"C:\\Users\\Dito\\Documents\\Projects\\Work\\RNQerjaTest\\app\\components\\Screens\\Home\\Home.component.js","statementMap":{"0":{"start":{"line":1,"column":42},"end":{"line":1,"column":97}},"1":{"start":{"line":1,"column":98},"end":{"line":1,"column":160}},"2":{"start":{"line":1,"column":160},"end":{"line":1,"column":185}},"3":{"start":{"line":1,"column":208},"end":{"line":1,"column":280}},"4":{"start":{"line":1,"column":301},"end":{"line":1,"column":370}},"5":{"start":{"line":1,"column":405},"end":{"line":1,"column":488}},"6":{"start":{"line":1,"column":512},"end":{"line":1,"column":584}},"7":{"start":{"line":1,"column":602},"end":{"line":1,"column":668}},"8":{"start":{"line":1,"column":682},"end":{"line":1,"column":722}},"9":{"start":{"line":2,"column":19},"end":{"line":2,"column":42}},"10":{"start":{"line":3,"column":17},"end":{"line":3,"column":87}},"11":{"start":{"line":4,"column":21},"end":{"line":4,"column":78}},"12":{"start":{"line":5,"column":17},"end":{"line":5,"column":62}},"13":{"start":{"line":6,"column":25},"end":{"line":6,"column":98}},"14":{"start":{"line":7,"column":25},"end":{"line":7,"column":96}},"15":{"start":{"line":8,"column":17},"end":{"line":8,"column":87}},"16":{"start":{"line":8,"column":107},"end":{"line":8,"column":215}},"17":{"start":{"line":10,"column":13},"end":{"line":64,"column":59}},"18":{"start":{"line":10,"column":46},"end":{"line":10,"column":104}},"19":{"start":{"line":11,"column":40},"end":{"line":11,"column":88}},"20":{"start":{"line":12,"column":4},"end":{"line":12,"column":120}},"21":{"start":{"line":12,"column":120},"end":{"line":19,"column":6}},"22":{"start":{"line":16,"column":6},"end":{"line":17,"column":22}},"23":{"start":{"line":19,"column":6},"end":{"line":49,"column":6}},"24":{"start":{"line":22,"column":20},"end":{"line":22,"column":24}},"25":{"start":{"line":23,"column":6},"end":{"line":47,"column":7}},"26":{"start":{"line":24,"column":8},"end":{"line":37,"column":143}},"27":{"start":{"line":27,"column":60},"end":{"line":27,"column":69}},"28":{"start":{"line":27,"column":70},"end":{"line":34,"column":97}},"29":{"start":{"line":32,"column":43},"end":{"line":32,"column":105}},"30":{"start":{"line":33,"column":53},"end":{"line":33,"column":115}},"31":{"start":{"line":37,"column":60},"end":{"line":37,"column":84}},"32":{"start":{"line":42,"column":8},"end":{"line":43,"column":152}},"33":{"start":{"line":48,"column":6},"end":{"line":48,"column":21}},"34":{"start":{"line":49,"column":6},"end":{"line":49,"column":19}},"35":{"start":{"line":49,"column":20},"end":{"line":64,"column":10}},"36":{"start":{"line":52,"column":6},"end":{"line":60,"column":34}},"37":{"start":{"line":64,"column":10},"end":{"line":64,"column":28}},"38":{"start":{"line":64,"column":60},"end":{"line":64,"column":89}},"39":{"start":{"line":67,"column":0},"end":{"line":72,"column":37}}},"fnMap":{"0":{"name":"(anonymous_0)","decl":{"start":{"line":10,"column":13},"end":{"line":10,"column":14}},"loc":{"start":{"line":10,"column":45},"end":{"line":64,"column":29}},"line":10},"1":{"name":"HomeScreen","decl":{"start":{"line":11,"column":11},"end":{"line":11,"column":21}},"loc":{"start":{"line":11,"column":29},"end":{"line":49,"column":20}},"line":11},"2":{"name":"(anonymous_2)","decl":{"start":{"line":15,"column":18},"end":{"line":15,"column":19}},"loc":{"start":{"line":15,"column":34},"end":{"line":19,"column":5}},"line":15},"3":{"name":"(anonymous_3)","decl":{"start":{"line":21,"column":22},"end":{"line":21,"column":23}},"loc":{"start":{"line":21,"column":34},"end":{"line":49,"column":5}},"line":21},"4":{"name":"renderItem","decl":{"start":{"line":27,"column":31},"end":{"line":27,"column":41}},"loc":{"start":{"line":27,"column":48},"end":{"line":34,"column":98}},"line":27},"5":{"name":"action","decl":{"start":{"line":32,"column":33},"end":{"line":32,"column":39}},"loc":{"start":{"line":32,"column":42},"end":{"line":32,"column":106}},"line":32},"6":{"name":"actionImage","decl":{"start":{"line":33,"column":38},"end":{"line":33,"column":49}},"loc":{"start":{"line":33,"column":52},"end":{"line":33,"column":116}},"line":33},"7":{"name":"keyExtractor","decl":{"start":{"line":37,"column":33},"end":{"line":37,"column":45}},"loc":{"start":{"line":37,"column":59},"end":{"line":37,"column":85}},"line":37},"8":{"name":"render","decl":{"start":{"line":49,"column":93},"end":{"line":49,"column":99}},"loc":{"start":{"line":51,"column":4},"end":{"line":64,"column":5}},"line":51}},"branchMap":{"0":{"loc":{"start":{"line":23,"column":6},"end":{"line":47,"column":7}},"type":"if","locations":[{"start":{"line":23,"column":6},"end":{"line":47,"column":7}},{"start":{"line":23,"column":6},"end":{"line":47,"column":7}}],"line":23},"1":{"loc":{"start":{"line":29,"column":20},"end":{"line":29,"column":73}},"type":"cond-expr","locations":[{"start":{"line":29,"column":52},"end":{"line":29,"column":66}},{"start":{"line":29,"column":69},"end":{"line":29,"column":73}}],"line":29},"2":{"loc":{"start":{"line":29,"column":20},"end":{"line":29,"column":49}},"type":"binary-expr","locations":[{"start":{"line":29,"column":20},"end":{"line":29,"column":31}},{"start":{"line":29,"column":35},"end":{"line":29,"column":49}}],"line":29},"3":{"loc":{"start":{"line":30,"column":23},"end":{"line":30,"column":53}},"type":"cond-expr","locations":[{"start":{"line":30,"column":36},"end":{"line":30,"column":46}},{"start":{"line":30,"column":49},"end":{"line":30,"column":53}}],"line":30}},"s":{"0":1,"1":1,"2":1,"3":1,"4":1,"5":1,"6":1,"7":1,"8":1,"9":1,"10":1,"11":1,"12":1,"13":1,"14":1,"15":1,"16":1,"17":1,"18":1,"19":1,"20":1,"21":1,"22":0,"23":1,"24":1,"25":1,"26":0,"27":0,"28":0,"29":0,"30":0,"31":0,"32":1,"33":1,"34":1,"35":1,"36":1,"37":1,"38":1,"39":1},"f":{"0":1,"1":1,"2":0,"3":1,"4":0,"5":0,"6":0,"7":0,"8":1},"b":{"0":[0,1],"1":[0,0],"2":[0,0],"3":[0,0]},"_coverageSchema":"332fd63041d2c1bcb487cc26dd0d5f7d97098a6c","hash":"5a28625594f06537902a149eaf3b0769020fbb0d"}
,"C:\\Users\\Dito\\Documents\\Projects\\Work\\RNQerjaTest\\app\\components\\Screens\\Home\\Home.component.style.js": {"path":"C:\\Users\\Dito\\Documents\\Projects\\Work\\RNQerjaTest\\app\\components\\Screens\\Home\\Home.component.style.js","statementMap":{"0":{"start":{"line":1,"column":42},"end":{"line":1,"column":97}},"1":{"start":{"line":1,"column":98},"end":{"line":1,"column":160}},"2":{"start":{"line":1,"column":160},"end":{"line":1,"column":185}},"3":{"start":{"line":1,"column":204},"end":{"line":1,"column":227}},"4":{"start":{"line":2,"column":18},"end":{"line":2,"column":63}},"5":{"start":{"line":4,"column":20},"end":{"line":4,"column":60}},"6":{"start":{"line":6,"column":0},"end":{"line":16,"column":25}},"7":{"start":{"line":16,"column":26},"end":{"line":16,"column":53}}},"fnMap":{},"branchMap":{},"s":{"0":1,"1":1,"2":1,"3":1,"4":1,"5":1,"6":1,"7":1},"f":{},"b":{},"_coverageSchema":"332fd63041d2c1bcb487cc26dd0d5f7d97098a6c","hash":"24a87185efd03eec445a643423f5b679f8ae6c77"}
,"C:\\Users\\Dito\\Documents\\Projects\\Work\\RNQerjaTest\\app\\components\\Searchbar\\Searchbar.component.js": {"path":"C:\\Users\\Dito\\Documents\\Projects\\Work\\RNQerjaTest\\app\\components\\Searchbar\\Searchbar.component.js","statementMap":{"0":{"start":{"line":1,"column":42},"end":{"line":1,"column":97}},"1":{"start":{"line":1,"column":98},"end":{"line":1,"column":160}},"2":{"start":{"line":1,"column":160},"end":{"line":1,"column":185}},"3":{"start":{"line":1,"column":208},"end":{"line":1,"column":280}},"4":{"start":{"line":1,"column":301},"end":{"line":1,"column":370}},"5":{"start":{"line":1,"column":405},"end":{"line":1,"column":488}},"6":{"start":{"line":1,"column":512},"end":{"line":1,"column":584}},"7":{"start":{"line":1,"column":602},"end":{"line":1,"column":668}},"8":{"start":{"line":1,"column":682},"end":{"line":1,"column":722}},"9":{"start":{"line":2,"column":19},"end":{"line":2,"column":42}},"10":{"start":{"line":3,"column":18},"end":{"line":3,"column":40}},"11":{"start":{"line":4,"column":26},"end":{"line":4,"column":88}},"12":{"start":{"line":5,"column":17},"end":{"line":5,"column":62}},"13":{"start":{"line":5,"column":82},"end":{"line":5,"column":191}},"14":{"start":{"line":7,"column":12},"end":{"line":24,"column":58}},"15":{"start":{"line":7,"column":45},"end":{"line":7,"column":102}},"16":{"start":{"line":7,"column":124},"end":{"line":7,"column":171}},"17":{"start":{"line":7,"column":171},"end":{"line":7,"column":290}},"18":{"start":{"line":7,"column":291},"end":{"line":24,"column":10}},"19":{"start":{"line":9,"column":6},"end":{"line":18,"column":109}},"20":{"start":{"line":24,"column":10},"end":{"line":24,"column":27}},"21":{"start":{"line":24,"column":59},"end":{"line":24,"column":87}},"22":{"start":{"line":28,"column":0},"end":{"line":30,"column":53}}},"fnMap":{"0":{"name":"(anonymous_0)","decl":{"start":{"line":7,"column":12},"end":{"line":7,"column":13}},"loc":{"start":{"line":7,"column":44},"end":{"line":24,"column":28}},"line":7},"1":{"name":"Searchbar","decl":{"start":{"line":7,"column":111},"end":{"line":7,"column":120}},"loc":{"start":{"line":7,"column":123},"end":{"line":7,"column":291}},"line":7},"2":{"name":"render","decl":{"start":{"line":7,"column":363},"end":{"line":7,"column":369}},"loc":{"start":{"line":8,"column":4},"end":{"line":24,"column":5}},"line":8}},"branchMap":{},"s":{"0":2,"1":2,"2":2,"3":2,"4":2,"5":2,"6":2,"7":2,"8":2,"9":2,"10":2,"11":2,"12":2,"13":2,"14":2,"15":2,"16":2,"17":2,"18":2,"19":2,"20":2,"21":2,"22":2},"f":{"0":2,"1":2,"2":2},"b":{},"_coverageSchema":"332fd63041d2c1bcb487cc26dd0d5f7d97098a6c","hash":"72054cdd73bc78a95cafdb7eda36965b7220a7b3"}
,"C:\\Users\\Dito\\Documents\\Projects\\Work\\RNQerjaTest\\app\\components\\Searchbar\\Searchbar.component.style.js": {"path":"C:\\Users\\Dito\\Documents\\Projects\\Work\\RNQerjaTest\\app\\components\\Searchbar\\Searchbar.component.style.js","statementMap":{"0":{"start":{"line":1,"column":13},"end":{"line":1,"column":75}},"1":{"start":{"line":1,"column":75},"end":{"line":1,"column":100}},"2":{"start":{"line":1,"column":119},"end":{"line":1,"column":142}},"3":{"start":{"line":3,"column":0},"end":{"line":21,"column":26}},"4":{"start":{"line":21,"column":27},"end":{"line":21,"column":54}}},"fnMap":{},"branchMap":{},"s":{"0":2,"1":2,"2":2,"3":2,"4":2},"f":{},"b":{},"_coverageSchema":"332fd63041d2c1bcb487cc26dd0d5f7d97098a6c","hash":"0a742693d581737236f22fa50e48bc8577bcc9ad"}
,"C:\\Users\\Dito\\Documents\\Projects\\Work\\RNQerjaTest\\app\\components\\Subheader\\Subheader.component.js": {"path":"C:\\Users\\Dito\\Documents\\Projects\\Work\\RNQerjaTest\\app\\components\\Subheader\\Subheader.component.js","statementMap":{"0":{"start":{"line":1,"column":42},"end":{"line":1,"column":97}},"1":{"start":{"line":1,"column":98},"end":{"line":1,"column":160}},"2":{"start":{"line":1,"column":160},"end":{"line":1,"column":185}},"3":{"start":{"line":1,"column":208},"end":{"line":1,"column":280}},"4":{"start":{"line":1,"column":301},"end":{"line":1,"column":370}},"5":{"start":{"line":1,"column":405},"end":{"line":1,"column":488}},"6":{"start":{"line":1,"column":512},"end":{"line":1,"column":584}},"7":{"start":{"line":1,"column":602},"end":{"line":1,"column":668}},"8":{"start":{"line":1,"column":682},"end":{"line":1,"column":722}},"9":{"start":{"line":2,"column":19},"end":{"line":2,"column":42}},"10":{"start":{"line":3,"column":26},"end":{"line":3,"column":88}},"11":{"start":{"line":4,"column":17},"end":{"line":4,"column":62}},"12":{"start":{"line":4,"column":82},"end":{"line":4,"column":191}},"13":{"start":{"line":6,"column":12},"end":{"line":15,"column":58}},"14":{"start":{"line":6,"column":45},"end":{"line":6,"column":102}},"15":{"start":{"line":6,"column":124},"end":{"line":6,"column":171}},"16":{"start":{"line":6,"column":171},"end":{"line":6,"column":290}},"17":{"start":{"line":6,"column":291},"end":{"line":15,"column":10}},"18":{"start":{"line":8,"column":6},"end":{"line":11,"column":28}},"19":{"start":{"line":15,"column":10},"end":{"line":15,"column":27}},"20":{"start":{"line":15,"column":59},"end":{"line":15,"column":87}},"21":{"start":{"line":19,"column":0},"end":{"line":20,"column":48}}},"fnMap":{"0":{"name":"(anonymous_0)","decl":{"start":{"line":6,"column":12},"end":{"line":6,"column":13}},"loc":{"start":{"line":6,"column":44},"end":{"line":15,"column":28}},"line":6},"1":{"name":"Subheader","decl":{"start":{"line":6,"column":111},"end":{"line":6,"column":120}},"loc":{"start":{"line":6,"column":123},"end":{"line":6,"column":291}},"line":6},"2":{"name":"render","decl":{"start":{"line":6,"column":363},"end":{"line":6,"column":369}},"loc":{"start":{"line":7,"column":4},"end":{"line":15,"column":5}},"line":7}},"branchMap":{},"s":{"0":2,"1":2,"2":2,"3":2,"4":2,"5":2,"6":2,"7":2,"8":2,"9":2,"10":2,"11":2,"12":2,"13":2,"14":2,"15":2,"16":2,"17":2,"18":2,"19":2,"20":2,"21":2},"f":{"0":2,"1":2,"2":2},"b":{},"_coverageSchema":"332fd63041d2c1bcb487cc26dd0d5f7d97098a6c","hash":"7cdf40c7c218ebeba6a40ed8eb511d1228310bc0"}
,"C:\\Users\\Dito\\Documents\\Projects\\Work\\RNQerjaTest\\app\\components\\Subheader\\Subheader.component.style.js": {"path":"C:\\Users\\Dito\\Documents\\Projects\\Work\\RNQerjaTest\\app\\components\\Subheader\\Subheader.component.style.js","statementMap":{"0":{"start":{"line":1,"column":13},"end":{"line":1,"column":75}},"1":{"start":{"line":1,"column":75},"end":{"line":1,"column":100}},"2":{"start":{"line":1,"column":119},"end":{"line":1,"column":142}},"3":{"start":{"line":3,"column":0},"end":{"line":13,"column":26}},"4":{"start":{"line":13,"column":27},"end":{"line":13,"column":54}}},"fnMap":{},"branchMap":{},"s":{"0":2,"1":2,"2":2,"3":2,"4":2},"f":{},"b":{},"_coverageSchema":"332fd63041d2c1bcb487cc26dd0d5f7d97098a6c","hash":"5343349981aae8059d3fc46929500a1dfe03b530"}
,"C:\\Users\\Dito\\Documents\\Projects\\Work\\RNQerjaTest\\app\\redux\\constants\\ActionTypes.js": {"path":"C:\\Users\\Dito\\Documents\\Projects\\Work\\RNQerjaTest\\app\\redux\\constants\\ActionTypes.js","statementMap":{"0":{"start":{"line":1,"column":13},"end":{"line":1,"column":75}},"1":{"start":{"line":1,"column":75},"end":{"line":1,"column":131}},"2":{"start":{"line":1,"column":146},"end":{"line":1,"column":156}},"3":{"start":{"line":1,"column":157},"end":{"line":1,"column":185}},"4":{"start":{"line":2,"column":26},"end":{"line":2,"column":47}},"5":{"start":{"line":2,"column":48},"end":{"line":2,"column":98}}},"fnMap":{},"branchMap":{},"s":{"0":1,"1":1,"2":1,"3":1,"4":1,"5":1},"f":{},"b":{},"_coverageSchema":"332fd63041d2c1bcb487cc26dd0d5f7d97098a6c","hash":"bc953b2e52c0726b9e379bc2a2a1c67e4adfbaa4"}
,"C:\\Users\\Dito\\Documents\\Projects\\Work\\RNQerjaTest\\app\\redux\\reducers\\home\\home.reducer.js": {"path":"C:\\Users\\Dito\\Documents\\Projects\\Work\\RNQerjaTest\\app\\redux\\reducers\\home\\home.reducer.js","statementMap":{"0":{"start":{"line":1,"column":43},"end":{"line":1,"column":99}},"1":{"start":{"line":1,"column":129},"end":{"line":1,"column":184}},"2":{"start":{"line":1,"column":185},"end":{"line":1,"column":247}},"3":{"start":{"line":1,"column":247},"end":{"line":1,"column":267}},"4":{"start":{"line":1,"column":288},"end":{"line":1,"column":358}},"5":{"start":{"line":1,"column":371},"end":{"line":1,"column":434}},"6":{"start":{"line":3,"column":29},"end":{"line":3,"column":111}},"7":{"start":{"line":3,"column":125},"end":{"line":3,"column":172}},"8":{"start":{"line":4,"column":2},"end":{"line":18,"column":20}},"9":{"start":{"line":6,"column":8},"end":{"line":8,"column":43}},"10":{"start":{"line":12,"column":8},"end":{"line":14,"column":41}},"11":{"start":{"line":18,"column":6},"end":{"line":18,"column":19}}},"fnMap":{"0":{"name":"home","decl":{"start":{"line":3,"column":9},"end":{"line":3,"column":13}},"loc":{"start":{"line":3,"column":16},"end":{"line":20,"column":1}},"line":3}},"branchMap":{"0":{"loc":{"start":{"line":3,"column":29},"end":{"line":3,"column":111}},"type":"cond-expr","locations":[{"start":{"line":3,"column":82},"end":{"line":3,"column":94}},{"start":{"line":3,"column":97},"end":{"line":3,"column":111}}],"line":3},"1":{"loc":{"start":{"line":3,"column":29},"end":{"line":3,"column":79}},"type":"binary-expr","locations":[{"start":{"line":3,"column":29},"end":{"line":3,"column":49}},{"start":{"line":3,"column":53},"end":{"line":3,"column":79}}],"line":3},"2":{"loc":{"start":{"line":3,"column":125},"end":{"line":3,"column":172}},"type":"cond-expr","locations":[{"start":{"line":3,"column":148},"end":{"line":3,"column":160}},{"start":{"line":3,"column":163},"end":{"line":3,"column":172}}],"line":3},"3":{"loc":{"start":{"line":4,"column":2},"end":{"line":18,"column":20}},"type":"switch","locations":[{"start":{"line":5,"column":4},"end":{"line":10,"column":7}},{"start":{"line":11,"column":4},"end":{"line":16,"column":7}},{"start":{"line":17,"column":4},"end":{"line":18,"column":19}}],"line":4}},"s":{"0":1,"1":1,"2":1,"3":1,"4":1,"5":1,"6":1,"7":1,"8":1,"9":0,"10":0,"11":1},"f":{"0":1},"b":{"0":[0,1],"1":[1,1],"2":[1,0],"3":[0,0,1]},"_coverageSchema":"332fd63041d2c1bcb487cc26dd0d5f7d97098a6c","hash":"e71d1fd7a2ad4c7712fdacf9801ebd1c85af354b"}
,"C:\\Users\\Dito\\Documents\\Projects\\Work\\RNQerjaTest\\app\\routes\\NavigationService.js": {"path":"C:\\Users\\Dito\\Documents\\Projects\\Work\\RNQerjaTest\\app\\routes\\NavigationService.js","statementMap":{"0":{"start":{"line":1,"column":13},"end":{"line":1,"column":75}},"1":{"start":{"line":1,"column":75},"end":{"line":1,"column":100}},"2":{"start":{"line":1,"column":123},"end":{"line":1,"column":150}},"3":{"start":{"line":6,"column":2},"end":{"line":6,"column":28}},"4":{"start":{"line":10,"column":2},"end":{"line":13,"column":23}},"5":{"start":{"line":20,"column":0},"end":{"line":22,"column":46}},"6":{"start":{"line":22,"column":47},"end":{"line":22,"column":74}}},"fnMap":{"0":{"name":"setTopLevelNavigator","decl":{"start":{"line":5,"column":9},"end":{"line":5,"column":29}},"loc":{"start":{"line":5,"column":44},"end":{"line":7,"column":1}},"line":5},"1":{"name":"navigate","decl":{"start":{"line":9,"column":9},"end":{"line":9,"column":17}},"loc":{"start":{"line":9,"column":37},"end":{"line":16,"column":1}},"line":9}},"branchMap":{},"s":{"0":1,"1":1,"2":1,"3":0,"4":0,"5":1,"6":1},"f":{"0":0,"1":0},"b":{},"_coverageSchema":"332fd63041d2c1bcb487cc26dd0d5f7d97098a6c","hash":"d919f1769876623d6264a0dad9c2465bc942ead1"}
}
