TN:
SF:C:\Users\Dito\Documents\Projects\Work\RNQerjaTest\app\components\Cards\News\NewsCard.component.js
FN:7,(anonymous_0)
FN:7,NewsCard
FN:7,render
FN:12,onPress
FNF:4
FNH:3
FNDA:2,(anonymous_0)
FNDA:1,NewsCard
FNDA:1,render
FNDA:0,onPress
DA:1,2
DA:2,2
DA:3,2
DA:4,2
DA:5,2
DA:7,2
DA:8,1
DA:9,1
DA:12,0
DA:38,2
DA:41,2
LF:11
LH:10
BRF:0
BRH:0
end_of_record
TN:
SF:C:\Users\Dito\Documents\Projects\Work\RNQerjaTest\app\components\Cards\News\NewsCard.component.style.js
FNF:0
FNH:0
DA:1,2
DA:3,2
DA:14,2
LF:3
LH:3
BRF:0
BRH:0
end_of_record
TN:
SF:C:\Users\Dito\Documents\Projects\Work\RNQerjaTest\app\components\Screens\Detail\Detail.component.js
FN:8,(anonymous_0)
FN:9,DetailScreen
FN:13,(anonymous_2)
FN:31,onPress
FN:45,render
FNF:5
FNH:4
FNDA:1,(anonymous_0)
FNDA:1,DetailScreen
FNDA:1,(anonymous_2)
FNDA:0,onPress
FNDA:1,render
DA:1,1
DA:2,1
DA:3,1
DA:4,1
DA:5,1
DA:6,1
DA:8,1
DA:9,1
DA:10,1
DA:14,1
DA:15,1
DA:16,0
DA:31,0
DA:40,1
DA:44,1
DA:45,1
DA:48,1
DA:55,1
DA:58,1
LF:19
LH:17
BRDA:15,0,0,0
BRDA:15,0,1,1
BRF:2
BRH:1
end_of_record
TN:
SF:C:\Users\Dito\Documents\Projects\Work\RNQerjaTest\app\components\Screens\Detail\Detail.component.style.js
FNF:0
FNH:0
DA:1,1
DA:2,1
DA:4,1
DA:6,1
DA:31,1
LF:5
LH:5
BRF:0
BRH:0
end_of_record
TN:
SF:C:\Users\Dito\Documents\Projects\Work\RNQerjaTest\app\components\Screens\Home\Home.component.js
FN:10,(anonymous_0)
FN:11,HomeScreen
FN:15,(anonymous_2)
FN:21,(anonymous_3)
FN:27,renderItem
FN:32,action
FN:33,actionImage
FN:37,keyExtractor
FN:49,render
FNF:9
FNH:4
FNDA:1,(anonymous_0)
FNDA:1,HomeScreen
FNDA:0,(anonymous_2)
FNDA:1,(anonymous_3)
FNDA:0,renderItem
FNDA:0,action
FNDA:0,actionImage
FNDA:0,keyExtractor
FNDA:1,render
DA:1,1
DA:2,1
DA:3,1
DA:4,1
DA:5,1
DA:6,1
DA:7,1
DA:8,1
DA:10,1
DA:11,1
DA:12,1
DA:16,0
DA:19,1
DA:22,1
DA:23,1
DA:24,0
DA:27,0
DA:32,0
DA:33,0
DA:37,0
DA:42,1
DA:48,1
DA:49,1
DA:52,1
DA:64,1
DA:67,1
LF:26
LH:20
BRDA:23,0,0,0
BRDA:23,0,1,1
BRDA:29,1,0,0
BRDA:29,1,1,0
BRDA:29,2,0,0
BRDA:29,2,1,0
BRDA:30,3,0,0
BRDA:30,3,1,0
BRF:8
BRH:1
end_of_record
TN:
SF:C:\Users\Dito\Documents\Projects\Work\RNQerjaTest\app\components\Screens\Home\Home.component.style.js
FNF:0
FNH:0
DA:1,1
DA:2,1
DA:4,1
DA:6,1
DA:16,1
LF:5
LH:5
BRF:0
BRH:0
end_of_record
TN:
SF:C:\Users\Dito\Documents\Projects\Work\RNQerjaTest\app\components\Searchbar\Searchbar.component.js
FN:7,(anonymous_0)
FN:7,Searchbar
FN:7,render
FNF:3
FNH:3
FNDA:2,(anonymous_0)
FNDA:2,Searchbar
FNDA:2,render
DA:1,2
DA:2,2
DA:3,2
DA:4,2
DA:5,2
DA:7,2
DA:9,2
DA:24,2
DA:28,2
LF:9
LH:9
BRF:0
BRH:0
end_of_record
TN:
SF:C:\Users\Dito\Documents\Projects\Work\RNQerjaTest\app\components\Searchbar\Searchbar.component.style.js
FNF:0
FNH:0
DA:1,2
DA:3,2
DA:21,2
LF:3
LH:3
BRF:0
BRH:0
end_of_record
TN:
SF:C:\Users\Dito\Documents\Projects\Work\RNQerjaTest\app\components\Subheader\Subheader.component.js
FN:6,(anonymous_0)
FN:6,Subheader
FN:6,render
FNF:3
FNH:3
FNDA:2,(anonymous_0)
FNDA:2,Subheader
FNDA:2,render
DA:1,2
DA:2,2
DA:3,2
DA:4,2
DA:6,2
DA:8,2
DA:15,2
DA:19,2
LF:8
LH:8
BRF:0
BRH:0
end_of_record
TN:
SF:C:\Users\Dito\Documents\Projects\Work\RNQerjaTest\app\components\Subheader\Subheader.component.style.js
FNF:0
FNH:0
DA:1,2
DA:3,2
DA:13,2
LF:3
LH:3
BRF:0
BRH:0
end_of_record
TN:
SF:C:\Users\Dito\Documents\Projects\Work\RNQerjaTest\app\redux\constants\ActionTypes.js
FNF:0
FNH:0
DA:1,1
DA:2,1
LF:2
LH:2
BRF:0
BRH:0
end_of_record
TN:
SF:C:\Users\Dito\Documents\Projects\Work\RNQerjaTest\app\redux\reducers\home\home.reducer.js
FN:3,home
FNF:1
FNH:1
FNDA:1,home
DA:1,1
DA:3,1
DA:4,1
DA:6,0
DA:12,0
DA:18,1
LF:6
LH:4
BRDA:3,0,0,0
BRDA:3,0,1,1
BRDA:3,1,0,1
BRDA:3,1,1,1
BRDA:3,2,0,1
BRDA:3,2,1,0
BRDA:4,3,0,0
BRDA:4,3,1,0
BRDA:4,3,2,1
BRF:9
BRH:5
end_of_record
TN:
SF:C:\Users\Dito\Documents\Projects\Work\RNQerjaTest\app\routes\NavigationService.js
FN:5,setTopLevelNavigator
FN:9,navigate
FNF:2
FNH:0
FNDA:0,setTopLevelNavigator
FNDA:0,navigate
DA:1,1
DA:6,0
DA:10,0
DA:20,1
DA:22,1
LF:5
LH:3
BRF:0
BRH:0
end_of_record
